[debug] [2023-11-21T06:35:14.243Z] ----------------------------------------------------------------------
[debug] [2023-11-21T06:35:14.245Z] Command:       /usr/local/bin/firebase /Users/thunguyen/.cache/firebase/tools/lib/node_modules/firebase-tools/lib/bin/firebase init
[debug] [2023-11-21T06:35:14.245Z] CLI Version:   12.9.1
[debug] [2023-11-21T06:35:14.245Z] Platform:      darwin
[debug] [2023-11-21T06:35:14.246Z] Node Version:  v16.16.0
[debug] [2023-11-21T06:35:14.247Z] Time:          Tue Nov 21 2023 13:35:14 GMT+0700 (Indochina Time)
[debug] [2023-11-21T06:35:14.247Z] ----------------------------------------------------------------------
[debug] 
[debug] [2023-11-21T06:35:14.256Z] > command requires scopes: ["email","openid","https://www.googleapis.com/auth/cloudplatformprojects.readonly","https://www.googleapis.com/auth/firebase","https://www.googleapis.com/auth/cloud-platform"]
[debug] [2023-11-21T06:35:14.258Z] > authorizing via signed-in user (thu.nguyenhoanganh14@hcmut.edu.vn)
[info] 
     ######## #### ########  ######## ########     ###     ######  ########
     ##        ##  ##     ## ##       ##     ##  ##   ##  ##       ##
     ######    ##  ########  ######   ########  #########  ######  ######
     ##        ##  ##    ##  ##       ##     ## ##     ##       ## ##
     ##       #### ##     ## ######## ########  ##     ##  ######  ########

You're about to initialize a Firebase project in this directory:

  /Users/thunguyen/Downloads/Medifind-renew

[info] 
=== Project Setup
[info] 
[info] First, let's associate this project directory with a Firebase project.
[info] You can create multiple project aliases by running firebase use --add, 
[info] but for now we'll just set up a default project.
[info] 
[info] i  If you want to create a project in a Google Cloud organization or folder, please use "firebase projects:create" instead, and return to this command when you've created the project. 
[debug] [2023-11-21T06:35:46.720Z] >>> [apiv2][query] POST https://cloudresourcemanager.googleapis.com/v1/projects [none]
[debug] [2023-11-21T06:35:46.722Z] >>> [apiv2][body] POST https://cloudresourcemanager.googleapis.com/v1/projects {"projectId":"anhthu","name":"medifind"}
[debug] [2023-11-21T06:35:48.555Z] <<< [apiv2][status] POST https://cloudresourcemanager.googleapis.com/v1/projects 409
[debug] [2023-11-21T06:35:48.555Z] <<< [apiv2][body] POST https://cloudresourcemanager.googleapis.com/v1/projects {"error":{"code":409,"message":"Requested entity already exists","status":"ALREADY_EXISTS"}}
[debug] [2023-11-21T06:35:48.972Z] FirebaseError: HTTP Error: 409, Requested entity already exists
    at responseToError (/Users/thunguyen/.cache/firebase/tools/lib/node_modules/firebase-tools/lib/responseToError.js:49:12)
    at RetryOperation._fn (/Users/thunguyen/.cache/firebase/tools/lib/node_modules/firebase-tools/lib/apiv2.js:285:77)
    at processTicksAndRejections (node:internal/process/task_queues:96:5)
[error] 
[error] Error: Failed to create project because there is already a project with ID anhthu. Please try again with a unique project ID.
